  main.cpp
D:\ddw\school\并行程序设计\期末作业\repo\parallel-homework\audio_processor\audio_processor\FFT.h(42,34): warning C4244: “参数”: 从“double”转换到“float”，可能丢失数据
D:\ddw\school\并行程序设计\期末作业\repo\parallel-homework\audio_processor\audio_processor\FFT.h(42,17): warning C4244: “参数”: 从“double”转换到“float”，可能丢失数据
D:\ddw\school\并行程序设计\期末作业\repo\parallel-homework\audio_processor\audio_processor\utilities.h(27,43): warning C4244: “参数”: 从“double”转换到“float”，可能丢失数据
D:\ddw\school\并行程序设计\期末作业\repo\parallel-homework\audio_processor\audio_processor\utilities.h(27,19): warning C4244: “参数”: 从“double”转换到“float”，可能丢失数据
D:\ddw\school\并行程序设计\期末作业\repo\parallel-homework\audio_processor\audio_processor\utilities.h(42,42): warning C4244: “参数”: 从“double”转换到“float”，可能丢失数据
D:\ddw\school\并行程序设计\期末作业\repo\parallel-homework\audio_processor\audio_processor\utilities.h(42,19): warning C4244: “参数”: 从“double”转换到“float”，可能丢失数据
D:\ddw\school\并行程序设计\期末作业\repo\parallel-homework\audio_processor\audio_processor\utilities.h(48,19): warning C4244: “参数”: 从“double”转换到“float”，可能丢失数据
D:\ddw\school\并行程序设计\期末作业\repo\parallel-homework\audio_processor\audio_processor\utilities.h(112,14): warning C4244: “初始化”: 从“float”转换到“int”，可能丢失数据
D:\ddw\school\并行程序设计\期末作业\repo\parallel-homework\audio_processor\audio_processor\utilities.h(114,16): warning C4244: “初始化”: 从“float”转换到“int”，可能丢失数据
D:\ddw\school\并行程序设计\期末作业\repo\parallel-homework\audio_processor\audio_processor\utilities.h(122,13): warning C4244: “初始化”: 从“float”转换到“int”，可能丢失数据
D:\ddw\school\并行程序设计\期末作业\repo\parallel-homework\audio_processor\audio_processor\utilities.h(124,28): warning C4244: “初始化”: 从“float”转换到“int”，可能丢失数据
D:\ddw\school\并行程序设计\期末作业\repo\parallel-homework\audio_processor\audio_processor\main.cpp(11,25): warning C4244: “参数”: 从“float”转换到“int”，可能丢失数据
D:\ddw\school\并行程序设计\期末作业\repo\parallel-homework\audio_processor\audio_processor\main.cpp(45,29): warning C4244: “参数”: 从“double”转换到“int”，可能丢失数据
  正在生成代码
  3 of 639 functions ( 0.5%) were compiled, the rest were copied from previous compilation.
    0 functions were new in current compilation
    0 functions had inline decision re-evaluated but remain unchanged
  已完成代码的生成
  audio_processor.vcxproj -> D:\ddw\school\并行程序设计\期末作业\repo\parallel-homework\audio_processor\x64\Release\audio_processor.exe
